<?xml version="1.0" encoding="UTF-8"?>
<!-- Generated by org.testng.reporters.JUnitReportReporter -->
<testsuite hostname="DESKTOP-5KCDF5F" failures="0" tests="1" name="mainpac.Day2" time="0.004" errors="0" timestamp="5 Dec 2020 16:22:32 GMT">
  <testcase classname="mainpac.Day2" name="ploan" time="0.004"/>
</testsuite> <!-- mainpac.Day2 -->
