<?xml version="1.0" encoding="UTF-8"?>
<!-- Generated by org.testng.reporters.JUnitReportReporter -->
<testsuite hostname="DESKTOP-5KCDF5F" name="Day1" tests="2" failures="0" timestamp="22 Nov 2020 21:05:34 GMT" time="0.008" errors="0">
  <testcase name="Demo1" time="0.007" classname="Day1"/>
  <testcase name="Demo2" time="0.001" classname="Day1"/>
</testsuite> <!-- Day1 -->
