<?xml version="1.0" encoding="UTF-8"?>
<!-- Generated by org.testng.reporters.JUnitReportReporter -->
<testsuite hostname="DESKTOP-5KCDF5F" failures="0" tests="1" name="mainpac.Day1" time="0.013" errors="0" timestamp="5 Dec 2020 16:22:32 GMT">
  <testcase classname="mainpac.Day1" name="demo2" time="0.013"/>
</testsuite> <!-- mainpac.Day1 -->
