<?xml version="1.0" encoding="UTF-8"?>
<!-- Generated by org.testng.reporters.JUnitReportReporter -->
<testsuite hostname="DESKTOP-5KCDF5F" name="Day1" tests="1" failures="0" timestamp="22 Nov 2020 18:44:33 GMT" time="0.009" errors="0">
  <testcase name="Demo" time="0.009" classname="Day1"/>
</testsuite> <!-- Day1 -->
