<?xml version="1.0" encoding="UTF-8"?>
<!-- Generated by org.testng.reporters.JUnitReportReporter -->
<testsuite hostname="DESKTOP-5KCDF5F" failures="0" tests="1" name="Testcases.LoginApp" time="17.972" errors="0" timestamp="5 Dec 2020 15:50:24 GMT">
  <testcase classname="Testcases.LoginApp" name="login" time="17.972"/>
</testsuite> <!-- Testcases.LoginApp -->
