<?xml version="1.0" encoding="UTF-8"?>
<!-- Generated by org.testng.reporters.JUnitReportReporter -->
<testsuite hostname="DESKTOP-5KCDF5F" failures="0" tests="2" name="mavenTestFunctionality.AppiumTest" time="3.527" errors="0" timestamp="28 Nov 2020 16:51:59 GMT">
  <testcase classname="mavenTestFunctionality.AppiumTest" name="nativeAppAndroid" time="1.645"/>
  <testcase classname="mavenTestFunctionality.AppiumTest" name="iosApp" time="1.882"/>
</testsuite> <!-- mavenTestFunctionality.AppiumTest -->
