<?xml version="1.0" encoding="UTF-8"?>
<!-- Generated by org.testng.reporters.JUnitReportReporter -->
<testsuite hostname="DESKTOP-5KCDF5F" failures="0" tests="2" name="mavenTestFunctionality.SeleniumTest" time="3.012" errors="0" timestamp="27 Nov 2020 15:02:42 GMT">
  <testcase classname="mavenTestFunctionality.SeleniumTest" name="browserAutomatisation" time="1.526"/>
  <testcase classname="mavenTestFunctionality.SeleniumTest" name="elementsUI" time="1.486"/>
</testsuite> <!-- mavenTestFunctionality.SeleniumTest -->
