<?xml version="1.0" encoding="UTF-8"?>
<!-- Generated by org.testng.reporters.JUnitReportReporter -->
<testsuite hostname="DESKTOP-5KCDF5F" failures="0" tests="2" name="mavenTestFunctionality.RestApiTest" time="2.915" errors="0" timestamp="27 Nov 2020 15:02:42 GMT">
  <testcase classname="mavenTestFunctionality.RestApiTest" name="postJira" time="1.490"/>
  <testcase classname="mavenTestFunctionality.RestApiTest" name="deleteTwitter" time="1.425"/>
</testsuite> <!-- mavenTestFunctionality.RestApiTest -->
